[debug] [2024-04-03T21:59:33.030Z] ----------------------------------------------------------------------
[debug] [2024-04-03T21:59:33.035Z] Command:       /usr/local/bin/node /usr/local/bin/firebase init
[debug] [2024-04-03T21:59:33.036Z] CLI Version:   13.6.1
[debug] [2024-04-03T21:59:33.036Z] Platform:      darwin
[debug] [2024-04-03T21:59:33.037Z] Node Version:  v20.10.0
[debug] [2024-04-03T21:59:33.037Z] Time:          Wed Apr 03 2024 17:59:33 GMT-0400 (Eastern Daylight Time)
[debug] [2024-04-03T21:59:33.037Z] ----------------------------------------------------------------------
[debug] 
[debug] [2024-04-03T21:59:33.040Z] >>> [apiv2][query] GET https://firebase-public.firebaseio.com/cli.json [none]
[debug] [2024-04-03T21:59:33.167Z] > command requires scopes: ["email","openid","https://www.googleapis.com/auth/cloudplatformprojects.readonly","https://www.googleapis.com/auth/firebase","https://www.googleapis.com/auth/cloud-platform"]
[debug] [2024-04-03T21:59:33.167Z] > authorizing via signed-in user (katrina112298@gmail.com)
[info] 
     ######## #### ########  ######## ########     ###     ######  ########
     ##        ##  ##     ## ##       ##     ##  ##   ##  ##       ##
     ######    ##  ########  ######   ########  #########  ######  ######
     ##        ##  ##    ##  ##       ##     ## ##     ##       ## ##
     ##       #### ##     ## ######## ########  ##     ##  ######  ########

You're about to initialize a Firebase project in this directory:

  /Users/katrinashih/Desktop/nycschoolperformances/client

[debug] [2024-04-03T21:59:33.349Z] <<< [apiv2][status] GET https://firebase-public.firebaseio.com/cli.json 200
[debug] [2024-04-03T21:59:33.351Z] <<< [apiv2][body] GET https://firebase-public.firebaseio.com/cli.json {"cloudBuildErrorAfter":1594252800000,"cloudBuildWarnAfter":1590019200000,"defaultNode10After":1594252800000,"minVersion":"3.0.5","node8DeploysDisabledAfter":1613390400000,"node8RuntimeDisabledAfter":1615809600000,"node8WarnAfter":1600128000000}
